<?xml version="1.0" encoding="UTF-8"?>
<!-- Generated by org.testng.reporters.JUnitXMLReporter -->
<testsuite ignored="3" hostname="Ifeanyi" failures="0" tests="1" name="Default test" time="0.036" errors="0" timestamp="29 Sep 2022 17:21:09 GMT">
  <testcase classname="util.TestBase" name="@BeforeSuite setUp" time="0.0">
    <failure type="org.testng.TestNGException" message="
Parameter &amp;apos;groupReport&amp;apos; is required by BeforeSuite on method setUp but has not been marked @Optional or defined
in C:\Users\Dell\AppData\Local\Temp\testng-eclipse-1827447442\testng-customsuite.xml">
      <![CDATA[org.testng.TestNGException: 
Parameter 'groupReport' is required by BeforeSuite on method setUp but has not been marked @Optional or defined
in C:\Users\Dell\AppData\Local\Temp\testng-eclipse-1827447442\testng-customsuite.xml
at org.testng.internal.Parameters.createParams(Parameters.java:290)
at org.testng.internal.Parameters.createParametersForMethod(Parameters.java:359)
at org.testng.internal.Parameters.createParameters(Parameters.java:620)
at org.testng.internal.Parameters.createConfigurationParameters(Parameters.java:190)
at org.testng.internal.Invoker.invokeConfigurations(Invoker.java:209)
at org.testng.internal.Invoker.invokeConfigurations(Invoker.java:142)
at org.testng.SuiteRunner.privateRun(SuiteRunner.java:401)
at org.testng.SuiteRunner.run(SuiteRunner.java:364)
at org.testng.SuiteRunnerWorker.runSuite(SuiteRunnerWorker.java:52)
at org.testng.SuiteRunnerWorker.run(SuiteRunnerWorker.java:84)
at org.testng.TestNG.runSuitesSequentially(TestNG.java:1208)
at org.testng.TestNG.runSuitesLocally(TestNG.java:1137)
at org.testng.TestNG.runSuites(TestNG.java:1049)
at org.testng.TestNG.run(TestNG.java:1017)
at org.testng.remote.AbstractRemoteTestNG.run(AbstractRemoteTestNG.java:115)
at org.testng.remote.RemoteTestNG.initAndRun(RemoteTestNG.java:251)
at org.testng.remote.RemoteTestNG.main(RemoteTestNG.java:77)
]]>
    </failure>
  </testcase> <!-- @BeforeSuite setUp -->
  <testcase classname="util.TestBase" name="@BeforeClass beforeClass" time="0.0">
    <skipped/>
  </testcase> <!-- @BeforeClass beforeClass -->
  <testcase classname="util.TestBase" name="@BeforeMethod register" time="0.0">
    <skipped/>
  </testcase> <!-- @BeforeMethod register -->
  <testcase classname="util.TestBase" name="@AfterMethod captureStatus" time="0.0">
    <skipped/>
  </testcase> <!-- @AfterMethod captureStatus -->
  <testcase classname="util.TestBase" name="@AfterClass afterClass" time="0.0">
    <skipped/>
  </testcase> <!-- @AfterClass afterClass -->
  <testcase classname="testCases.AccountTypes" name="navigateToPersonalAccountType" time="0.0">
    <skipped/>
  </testcase> <!-- navigateToPersonalAccountType -->
  <testcase classname="util.TestBase" name="LandingPageTest" time="0.0">
    <ignored/>
  </testcase> <!-- LandingPageTest -->
  <testcase classname="testCases.AccountTypes" name="navigateToBusinessAccountType" time="0.0">
    <ignored/>
  </testcase> <!-- navigateToBusinessAccountType -->
  <testcase classname="testCases.AccountTypes" name="validateAccountTypeVisibility" time="0.0">
    <ignored/>
  </testcase> <!-- validateAccountTypeVisibility -->
</testsuite> <!-- Default test -->
